TN:
SF:entrypoints\popup\Note.tsx
FN:3,Notes
FN:35,updateNotes
FN:40,handleSaveNote
FN:47,handleDeleteNote
FN:58,copy
FN:82,onChange
FNF:6
FNH:3
FNDA:7,Notes
FNDA:0,updateNotes
FNDA:1,handleSaveNote
FNDA:0,handleDeleteNote
FNDA:0,copy
FNDA:1,onChange
DA:1,1
DA:2,1
DA:3,7
DA:4,7
DA:5,7
DA:6,7
DA:7,7
DA:8,7
DA:9,7
DA:10,7
DA:11,7
DA:12,7
DA:13,3
DA:14,3
DA:15,3
DA:16,0
DA:17,0
DA:18,0
DA:19,3
DA:20,3
DA:21,3
DA:22,3
DA:23,3
DA:24,0
DA:25,0
DA:26,0
DA:27,7
DA:28,7
DA:29,7
DA:30,6
DA:31,0
DA:32,0
DA:33,7
DA:34,7
DA:35,7
DA:36,0
DA:37,0
DA:38,7
DA:39,7
DA:40,7
DA:41,1
DA:42,0
DA:43,0
DA:44,0
DA:45,7
DA:46,7
DA:47,7
DA:48,0
DA:49,0
DA:50,0
DA:51,0
DA:52,0
DA:53,0
DA:54,0
DA:55,0
DA:56,7
DA:57,7
DA:58,7
DA:59,0
DA:60,0
DA:61,0
DA:62,0
DA:63,0
DA:64,0
DA:65,0
DA:66,0
DA:67,0
DA:68,0
DA:69,0
DA:70,0
DA:71,0
DA:72,0
DA:73,0
DA:74,0
DA:75,7
DA:76,7
DA:77,7
DA:78,7
DA:79,7
DA:80,7
DA:81,7
DA:82,7
DA:83,7
DA:84,7
DA:85,7
DA:86,7
DA:87,7
DA:88,7
DA:89,7
DA:90,7
DA:91,7
DA:92,7
DA:93,7
DA:94,7
DA:95,7
DA:96,7
DA:97,7
DA:98,7
DA:99,7
DA:100,7
DA:101,0
DA:102,0
DA:103,0
DA:104,0
DA:105,0
DA:106,0
DA:107,0
DA:108,0
DA:109,0
DA:110,0
DA:111,0
DA:112,0
DA:113,7
DA:114,7
DA:115,7
DA:116,7
DA:117,7
DA:118,1
DA:119,1
LF:119
LH:70
BRDA:3,0,0,7
BRDA:12,1,0,3
BRDA:15,2,0,0
BRDA:23,3,0,0
BRDA:29,4,0,6
BRDA:30,5,0,0
BRDA:40,6,0,1
BRDA:41,7,0,0
BRDA:82,8,0,1
BRF:9
BRH:5
end_of_record
